<?xml version="1.0" encoding="UTF-8"?>
<!-- Generated by org.testng.reporters.JUnitReportReporter -->
<testsuite hostname="DESKTOP-7UR4G8G" failures="0" tests="3" name="api.TestCases.userTestDataFromDP" time="7.133" errors="0" timestamp="2025-06-01T11:25:02 IST" skipped="0">
  <testcase classname="api.TestCases.userTestDataFromDP" name="testcreateUser" time="4.335"/>
  <testcase classname="api.TestCases.userTestDataFromDP" name="testcreateUser" time="1.448"/>
  <testcase classname="api.TestCases.userTestDataFromDP" name="testcreateUser" time="1.350"/>
</testsuite> <!-- api.TestCases.userTestDataFromDP -->
