<?xml version="1.0" encoding="UTF-8"?>
<!-- Generated by org.testng.reporters.JUnitReportReporter -->
<testsuite hostname="DESKTOP-7UR4G8G" failures="0" tests="4" name="api.TestCases.userTest" time="13.740" errors="0" timestamp="2025-06-01T12:32:02 IST" skipped="0">
  <testcase classname="api.TestCases.userTest" name="testCreateUser" time="3.605"/>
  <testcase classname="api.TestCases.userTest" name="testGetUser" time="4.343"/>
  <testcase classname="api.TestCases.userTest" name="testUpdateUser" time="1.347"/>
  <testcase classname="api.TestCases.userTest" name="testDeleteUser" time="4.445"/>
</testsuite> <!-- api.TestCases.userTest -->
